<?xml version="1.0" encoding="UTF-8"?>
<!-- Generated by org.testng.reporters.JUnitReportReporter -->
<testsuite skipped="0" hostname="DESKTOP-4KP677O" name="targetTests.TargetLoginTests" tests="2" failures="0" timestamp="2022-02-08T08:55:12 MST" time="28.419" errors="0">
  <testcase name="loginPageTest" time="17.674" classname="targetTests.TargetLoginTests"/>
  <system-out/>
  <testcase name="loginPageTest" time="10.745" classname="targetTests.TargetLoginTests"/>
  <system-out/>
</testsuite> <!-- targetTests.TargetLoginTests -->
