<?xml version="1.0" encoding="UTF-8"?>
<!-- Generated by org.testng.reporters.JUnitReportReporter -->
<testsuite skipped="0" hostname="DESKTOP-4KP677O" name="targetTests.TargetForgotPasswordTest" tests="1" failures="0" timestamp="2022-02-08T08:55:12 MST" time="13.176" errors="0">
  <testcase name="forgotPassword" time="13.176" classname="targetTests.TargetForgotPasswordTest"/>
  <system-out/>
</testsuite> <!-- targetTests.TargetForgotPasswordTest -->
